[2025-10-19 14:37:59] Running experiment 'superres_tta_resnet20' (고해상도 학습 + 다중 스케일 TTA)
[2025-10-19 14:37:59] Hard example sampler requested but no matching samples found; falling back to shuffle.
[2025-10-19 14:37:59] Model: resnet20, optimizer: adamw, lr: 0.0007, wd: 0.0003, epochs: 60, batch_size: 64
[2025-10-19 14:38:21] Epoch 1/60 | Train Loss: 1.2140 | Train Acc: 0.6133 | Val Acc: 0.7348
[2025-10-19 14:38:42] Epoch 2/60 | Train Loss: 0.4668 | Train Acc: 0.8769 | Val Acc: 0.8390
[2025-10-19 14:39:03] Epoch 3/60 | Train Loss: 0.2840 | Train Acc: 0.9239 | Val Acc: 0.9064
[2025-10-19 14:39:24] Epoch 4/60 | Train Loss: 0.2231 | Train Acc: 0.9392 | Val Acc: 0.9534
[2025-10-19 14:39:45] Epoch 5/60 | Train Loss: 0.1869 | Train Acc: 0.9482 | Val Acc: 0.9459
[2025-10-19 14:40:06] Epoch 6/60 | Train Loss: 0.1643 | Train Acc: 0.9528 | Val Acc: 0.9488
[2025-10-19 14:40:28] Epoch 7/60 | Train Loss: 0.1540 | Train Acc: 0.9567 | Val Acc: 0.9677
[2025-10-19 14:40:49] Epoch 8/60 | Train Loss: 0.1455 | Train Acc: 0.9594 | Val Acc: 0.9697
[2025-10-19 14:41:11] Epoch 9/60 | Train Loss: 0.1406 | Train Acc: 0.9601 | Val Acc: 0.9655
[2025-10-19 14:41:33] Epoch 10/60 | Train Loss: 0.1316 | Train Acc: 0.9626 | Val Acc: 0.9359
[2025-10-19 14:41:54] Epoch 11/60 | Train Loss: 0.1238 | Train Acc: 0.9644 | Val Acc: 0.9706
[2025-10-19 14:42:16] Epoch 12/60 | Train Loss: 0.1176 | Train Acc: 0.9660 | Val Acc: 0.9664
[2025-10-19 14:42:37] Epoch 13/60 | Train Loss: 0.1189 | Train Acc: 0.9667 | Val Acc: 0.9668
[2025-10-19 14:42:59] Epoch 14/60 | Train Loss: 0.1082 | Train Acc: 0.9703 | Val Acc: 0.9739
[2025-10-19 14:43:21] Epoch 15/60 | Train Loss: 0.1040 | Train Acc: 0.9710 | Val Acc: 0.9754
[2025-10-19 14:43:42] Epoch 16/60 | Train Loss: 0.1072 | Train Acc: 0.9703 | Val Acc: 0.9693
[2025-10-19 14:44:04] Epoch 17/60 | Train Loss: 0.0989 | Train Acc: 0.9713 | Val Acc: 0.9813
[2025-10-19 14:44:26] Epoch 18/60 | Train Loss: 0.0986 | Train Acc: 0.9728 | Val Acc: 0.9765
[2025-10-19 14:44:47] Epoch 19/60 | Train Loss: 0.0922 | Train Acc: 0.9748 | Val Acc: 0.9765
[2025-10-19 14:45:09] Epoch 20/60 | Train Loss: 0.0913 | Train Acc: 0.9739 | Val Acc: 0.9824
[2025-10-19 14:45:30] Epoch 21/60 | Train Loss: 0.0879 | Train Acc: 0.9765 | Val Acc: 0.9754
[2025-10-19 14:45:52] Epoch 22/60 | Train Loss: 0.0847 | Train Acc: 0.9765 | Val Acc: 0.9794
[2025-10-19 14:46:14] Epoch 23/60 | Train Loss: 0.0827 | Train Acc: 0.9760 | Val Acc: 0.9769
[2025-10-19 14:46:36] Epoch 24/60 | Train Loss: 0.0833 | Train Acc: 0.9776 | Val Acc: 0.9800
[2025-10-19 14:46:57] Epoch 25/60 | Train Loss: 0.0773 | Train Acc: 0.9789 | Val Acc: 0.9785
[2025-10-19 14:47:19] Epoch 26/60 | Train Loss: 0.0761 | Train Acc: 0.9789 | Val Acc: 0.9780
[2025-10-19 14:47:40] Epoch 27/60 | Train Loss: 0.0731 | Train Acc: 0.9795 | Val Acc: 0.9838
[2025-10-19 14:48:02] Epoch 28/60 | Train Loss: 0.0659 | Train Acc: 0.9822 | Val Acc: 0.9682
[2025-10-19 14:48:24] Epoch 29/60 | Train Loss: 0.0684 | Train Acc: 0.9809 | Val Acc: 0.9816
[2025-10-19 14:48:45] Epoch 30/60 | Train Loss: 0.0672 | Train Acc: 0.9818 | Val Acc: 0.9794
[2025-10-19 14:49:07] Epoch 31/60 | Train Loss: 0.0622 | Train Acc: 0.9827 | Val Acc: 0.9816
[2025-10-19 14:49:29] Epoch 32/60 | Train Loss: 0.0611 | Train Acc: 0.9831 | Val Acc: 0.9842
[2025-10-19 14:49:50] Epoch 33/60 | Train Loss: 0.0605 | Train Acc: 0.9841 | Val Acc: 0.9849
[2025-10-19 14:50:12] Epoch 34/60 | Train Loss: 0.0551 | Train Acc: 0.9860 | Val Acc: 0.9844
[2025-10-19 14:50:34] Epoch 35/60 | Train Loss: 0.0539 | Train Acc: 0.9855 | Val Acc: 0.9851
[2025-10-19 14:50:55] Epoch 36/60 | Train Loss: 0.0542 | Train Acc: 0.9848 | Val Acc: 0.9859
[2025-10-19 14:51:17] Epoch 37/60 | Train Loss: 0.0536 | Train Acc: 0.9858 | Val Acc: 0.9851
[2025-10-19 14:51:39] Epoch 38/60 | Train Loss: 0.0489 | Train Acc: 0.9877 | Val Acc: 0.9862
[2025-10-19 14:52:00] Epoch 39/60 | Train Loss: 0.0461 | Train Acc: 0.9877 | Val Acc: 0.9853
[2025-10-19 14:52:22] Epoch 40/60 | Train Loss: 0.0443 | Train Acc: 0.9883 | Val Acc: 0.9827
[2025-10-19 14:52:44] Epoch 41/60 | Train Loss: 0.0446 | Train Acc: 0.9877 | Val Acc: 0.9853
[2025-10-19 14:53:05] Epoch 42/60 | Train Loss: 0.0402 | Train Acc: 0.9890 | Val Acc: 0.9853
[2025-10-19 14:53:27] Epoch 43/60 | Train Loss: 0.0380 | Train Acc: 0.9904 | Val Acc: 0.9848
[2025-10-19 14:53:49] Epoch 44/60 | Train Loss: 0.0376 | Train Acc: 0.9906 | Val Acc: 0.9851
[2025-10-19 14:54:10] Epoch 45/60 | Train Loss: 0.0375 | Train Acc: 0.9902 | Val Acc: 0.9864
[2025-10-19 14:54:32] Epoch 46/60 | Train Loss: 0.0336 | Train Acc: 0.9908 | Val Acc: 0.9872
[2025-10-19 14:54:54] Epoch 47/60 | Train Loss: 0.0334 | Train Acc: 0.9915 | Val Acc: 0.9864
[2025-10-19 14:55:15] Epoch 48/60 | Train Loss: 0.0294 | Train Acc: 0.9918 | Val Acc: 0.9851
[2025-10-19 14:55:37] Epoch 49/60 | Train Loss: 0.0311 | Train Acc: 0.9921 | Val Acc: 0.9857
[2025-10-19 14:55:58] Epoch 50/60 | Train Loss: 0.0294 | Train Acc: 0.9921 | Val Acc: 0.9860
[2025-10-19 14:56:20] Epoch 51/60 | Train Loss: 0.0284 | Train Acc: 0.9930 | Val Acc: 0.9868
[2025-10-19 14:56:42] Epoch 52/60 | Train Loss: 0.0293 | Train Acc: 0.9925 | Val Acc: 0.9870
[2025-10-19 14:57:03] Epoch 53/60 | Train Loss: 0.0281 | Train Acc: 0.9923 | Val Acc: 0.9855
[2025-10-19 14:57:25] Epoch 54/60 | Train Loss: 0.0267 | Train Acc: 0.9936 | Val Acc: 0.9864
[2025-10-19 14:57:47] Epoch 55/60 | Train Loss: 0.0273 | Train Acc: 0.9932 | Val Acc: 0.9860
[2025-10-19 14:58:08] Epoch 56/60 | Train Loss: 0.0265 | Train Acc: 0.9931 | Val Acc: 0.9859
[2025-10-19 14:58:30] Epoch 57/60 | Train Loss: 0.0267 | Train Acc: 0.9931 | Val Acc: 0.9862
[2025-10-19 14:58:52] Epoch 58/60 | Train Loss: 0.0268 | Train Acc: 0.9930 | Val Acc: 0.9866
[2025-10-19 14:59:13] Epoch 59/60 | Train Loss: 0.0256 | Train Acc: 0.9938 | Val Acc: 0.9860
[2025-10-19 14:59:35] Epoch 60/60 | Train Loss: 0.0260 | Train Acc: 0.9937 | Val Acc: 0.9862
[2025-10-20 04:15:47] Running experiment 'superres_tta_resnet20' (고해상도 학습 + 다중 스케일 TTA)
[2025-10-20 04:15:47] Using WeightedRandomSampler with weight=3.0 (matched 6895 samples)
[2025-10-20 04:15:47] Model: resnet20, optimizer: adamw, lr: 0.0007, wd: 0.0003, epochs: 60, batch_size: 64
[2025-10-20 04:16:09] Epoch 1/60 | Train Loss: 1.3657 | Train Acc: 0.5596 | Val Acc: 0.6657
[2025-10-20 04:16:31] Epoch 2/60 | Train Loss: 0.5944 | Train Acc: 0.8290 | Val Acc: 0.9042
[2025-10-20 04:16:52] Epoch 3/60 | Train Loss: 0.3533 | Train Acc: 0.9013 | Val Acc: 0.9449
[2025-10-20 04:17:14] Epoch 4/60 | Train Loss: 0.2819 | Train Acc: 0.9196 | Val Acc: 0.9418
[2025-10-20 04:17:36] Epoch 5/60 | Train Loss: 0.2408 | Train Acc: 0.9320 | Val Acc: 0.9409
[2025-10-20 04:17:57] Epoch 6/60 | Train Loss: 0.2045 | Train Acc: 0.9426 | Val Acc: 0.9477
[2025-10-20 04:18:19] Epoch 7/60 | Train Loss: 0.2016 | Train Acc: 0.9420 | Val Acc: 0.9637
[2025-10-20 04:18:41] Epoch 8/60 | Train Loss: 0.1752 | Train Acc: 0.9485 | Val Acc: 0.9664
[2025-10-20 04:19:02] Epoch 9/60 | Train Loss: 0.1737 | Train Acc: 0.9491 | Val Acc: 0.9688
[2025-10-20 04:19:24] Epoch 10/60 | Train Loss: 0.1623 | Train Acc: 0.9527 | Val Acc: 0.9648
[2025-10-20 04:19:46] Epoch 11/60 | Train Loss: 0.1625 | Train Acc: 0.9525 | Val Acc: 0.9732
[2025-10-20 04:20:07] Epoch 12/60 | Train Loss: 0.1434 | Train Acc: 0.9589 | Val Acc: 0.9741
[2025-10-20 04:20:29] Epoch 13/60 | Train Loss: 0.1462 | Train Acc: 0.9580 | Val Acc: 0.9728
[2025-10-20 04:20:51] Epoch 14/60 | Train Loss: 0.1407 | Train Acc: 0.9595 | Val Acc: 0.9712
[2025-10-20 04:21:12] Epoch 15/60 | Train Loss: 0.1333 | Train Acc: 0.9629 | Val Acc: 0.9670
[2025-10-20 04:21:34] Epoch 16/60 | Train Loss: 0.1263 | Train Acc: 0.9638 | Val Acc: 0.9820
[2025-10-20 04:21:56] Epoch 17/60 | Train Loss: 0.1195 | Train Acc: 0.9656 | Val Acc: 0.9782
[2025-10-20 04:22:17] Epoch 18/60 | Train Loss: 0.1146 | Train Acc: 0.9662 | Val Acc: 0.9730
[2025-10-20 04:22:39] Epoch 19/60 | Train Loss: 0.1166 | Train Acc: 0.9678 | Val Acc: 0.9822
[2025-10-20 04:23:01] Epoch 20/60 | Train Loss: 0.1114 | Train Acc: 0.9682 | Val Acc: 0.9767
[2025-10-20 04:23:22] Epoch 21/60 | Train Loss: 0.1033 | Train Acc: 0.9693 | Val Acc: 0.9743
[2025-10-20 04:23:44] Epoch 22/60 | Train Loss: 0.0978 | Train Acc: 0.9719 | Val Acc: 0.9750
[2025-10-20 04:24:06] Epoch 23/60 | Train Loss: 0.1011 | Train Acc: 0.9718 | Val Acc: 0.9827
[2025-10-20 04:24:27] Epoch 24/60 | Train Loss: 0.0998 | Train Acc: 0.9706 | Val Acc: 0.9783
[2025-10-20 04:24:49] Epoch 25/60 | Train Loss: 0.0842 | Train Acc: 0.9756 | Val Acc: 0.9802
[2025-10-20 04:25:11] Epoch 26/60 | Train Loss: 0.0922 | Train Acc: 0.9725 | Val Acc: 0.9820
[2025-10-20 04:25:33] Epoch 27/60 | Train Loss: 0.0886 | Train Acc: 0.9760 | Val Acc: 0.9831
[2025-10-20 04:25:54] Epoch 28/60 | Train Loss: 0.0801 | Train Acc: 0.9770 | Val Acc: 0.9835
[2025-10-20 04:26:16] Epoch 29/60 | Train Loss: 0.0810 | Train Acc: 0.9757 | Val Acc: 0.9813
[2025-10-20 04:26:38] Epoch 30/60 | Train Loss: 0.0753 | Train Acc: 0.9784 | Val Acc: 0.9807
[2025-10-20 04:26:59] Epoch 31/60 | Train Loss: 0.0682 | Train Acc: 0.9807 | Val Acc: 0.9855
[2025-10-20 04:27:21] Epoch 32/60 | Train Loss: 0.0747 | Train Acc: 0.9788 | Val Acc: 0.9833
[2025-10-20 04:27:43] Epoch 33/60 | Train Loss: 0.0674 | Train Acc: 0.9808 | Val Acc: 0.9831
[2025-10-20 04:28:04] Epoch 34/60 | Train Loss: 0.0605 | Train Acc: 0.9817 | Val Acc: 0.9809
[2025-10-20 04:28:26] Epoch 35/60 | Train Loss: 0.0602 | Train Acc: 0.9837 | Val Acc: 0.9840
[2025-10-20 04:28:48] Epoch 36/60 | Train Loss: 0.0558 | Train Acc: 0.9838 | Val Acc: 0.9838
[2025-10-20 04:29:10] Epoch 37/60 | Train Loss: 0.0525 | Train Acc: 0.9858 | Val Acc: 0.9859
[2025-10-20 04:29:31] Epoch 38/60 | Train Loss: 0.0565 | Train Acc: 0.9847 | Val Acc: 0.9855
[2025-10-20 04:29:53] Epoch 39/60 | Train Loss: 0.0515 | Train Acc: 0.9862 | Val Acc: 0.9849
[2025-10-20 04:30:15] Epoch 40/60 | Train Loss: 0.0476 | Train Acc: 0.9863 | Val Acc: 0.9846
[2025-10-20 04:30:36] Epoch 41/60 | Train Loss: 0.0476 | Train Acc: 0.9861 | Val Acc: 0.9855
[2025-10-20 04:30:58] Epoch 42/60 | Train Loss: 0.0437 | Train Acc: 0.9877 | Val Acc: 0.9855
[2025-10-20 04:31:20] Epoch 43/60 | Train Loss: 0.0418 | Train Acc: 0.9884 | Val Acc: 0.9853
[2025-10-20 04:31:41] Epoch 44/60 | Train Loss: 0.0403 | Train Acc: 0.9891 | Val Acc: 0.9875
[2025-10-20 04:32:03] Epoch 45/60 | Train Loss: 0.0373 | Train Acc: 0.9886 | Val Acc: 0.9862
[2025-10-20 04:32:25] Epoch 46/60 | Train Loss: 0.0372 | Train Acc: 0.9899 | Val Acc: 0.9864
[2025-10-20 04:32:46] Epoch 47/60 | Train Loss: 0.0326 | Train Acc: 0.9916 | Val Acc: 0.9868
[2025-10-20 04:33:08] Epoch 48/60 | Train Loss: 0.0321 | Train Acc: 0.9910 | Val Acc: 0.9870
[2025-10-20 04:33:30] Epoch 49/60 | Train Loss: 0.0318 | Train Acc: 0.9912 | Val Acc: 0.9870
[2025-10-20 04:33:51] Epoch 50/60 | Train Loss: 0.0296 | Train Acc: 0.9928 | Val Acc: 0.9872
[2025-10-20 04:34:13] Epoch 51/60 | Train Loss: 0.0295 | Train Acc: 0.9915 | Val Acc: 0.9877
[2025-10-20 04:34:35] Epoch 52/60 | Train Loss: 0.0304 | Train Acc: 0.9917 | Val Acc: 0.9877
[2025-10-20 04:34:56] Epoch 53/60 | Train Loss: 0.0281 | Train Acc: 0.9929 | Val Acc: 0.9873
[2025-10-20 04:35:18] Epoch 54/60 | Train Loss: 0.0292 | Train Acc: 0.9927 | Val Acc: 0.9872
[2025-10-20 04:35:40] Epoch 55/60 | Train Loss: 0.0286 | Train Acc: 0.9931 | Val Acc: 0.9872
[2025-10-20 04:36:01] Epoch 56/60 | Train Loss: 0.0250 | Train Acc: 0.9933 | Val Acc: 0.9866
[2025-10-20 04:36:23] Epoch 57/60 | Train Loss: 0.0257 | Train Acc: 0.9931 | Val Acc: 0.9873
[2025-10-20 04:36:45] Epoch 58/60 | Train Loss: 0.0281 | Train Acc: 0.9932 | Val Acc: 0.9877
[2025-10-20 04:37:06] Epoch 59/60 | Train Loss: 0.0267 | Train Acc: 0.9937 | Val Acc: 0.9873
[2025-10-20 04:37:28] Epoch 60/60 | Train Loss: 0.0295 | Train Acc: 0.9922 | Val Acc: 0.9870
[2025-10-20 04:38:16] Running experiment 'superres_tta_resnet20' (고해상도 학습 + 다중 스케일 TTA)
[2025-10-20 04:38:16] Using WeightedRandomSampler with weight=3.0 (matched 6895 samples)
[2025-10-20 04:38:16] Model: resnet20, optimizer: adamw, lr: 0.0007, wd: 0.0003, epochs: 60, batch_size: 64
[2025-10-20 04:38:38] Epoch 1/60 | Train Loss: 1.3503 | Train Acc: 0.5655 | Val Acc: 0.6940
[2025-10-20 04:39:00] Epoch 2/60 | Train Loss: 0.5731 | Train Acc: 0.8364 | Val Acc: 0.9145
[2025-10-20 04:39:22] Epoch 3/60 | Train Loss: 0.3322 | Train Acc: 0.9078 | Val Acc: 0.9378
[2025-10-20 04:39:43] Epoch 4/60 | Train Loss: 0.2729 | Train Acc: 0.9232 | Val Acc: 0.9561
[2025-10-20 04:40:05] Epoch 5/60 | Train Loss: 0.2398 | Train Acc: 0.9300 | Val Acc: 0.9550
[2025-10-20 04:40:27] Epoch 6/60 | Train Loss: 0.2038 | Train Acc: 0.9429 | Val Acc: 0.9596
[2025-10-20 04:40:48] Epoch 7/60 | Train Loss: 0.1950 | Train Acc: 0.9447 | Val Acc: 0.9649
[2025-10-20 04:41:10] Epoch 8/60 | Train Loss: 0.1724 | Train Acc: 0.9509 | Val Acc: 0.9703
[2025-10-20 04:41:32] Epoch 9/60 | Train Loss: 0.1737 | Train Acc: 0.9500 | Val Acc: 0.9730
[2025-10-20 04:41:54] Epoch 10/60 | Train Loss: 0.1605 | Train Acc: 0.9531 | Val Acc: 0.9613
[2025-10-20 04:42:16] Epoch 11/60 | Train Loss: 0.1589 | Train Acc: 0.9537 | Val Acc: 0.9559
[2025-10-20 04:42:38] Epoch 12/60 | Train Loss: 0.1386 | Train Acc: 0.9600 | Val Acc: 0.9637
[2025-10-20 04:42:59] Epoch 13/60 | Train Loss: 0.1494 | Train Acc: 0.9572 | Val Acc: 0.9732
[2025-10-20 04:43:21] Epoch 14/60 | Train Loss: 0.1414 | Train Acc: 0.9587 | Val Acc: 0.9717
[2025-10-20 04:43:43] Epoch 15/60 | Train Loss: 0.1304 | Train Acc: 0.9639 | Val Acc: 0.9725
[2025-10-20 04:44:05] Epoch 16/60 | Train Loss: 0.1292 | Train Acc: 0.9630 | Val Acc: 0.9774
[2025-10-20 04:44:26] Epoch 17/60 | Train Loss: 0.1176 | Train Acc: 0.9654 | Val Acc: 0.9809
[2025-10-20 04:44:48] Epoch 18/60 | Train Loss: 0.1170 | Train Acc: 0.9644 | Val Acc: 0.9728
[2025-10-20 04:45:10] Epoch 19/60 | Train Loss: 0.1182 | Train Acc: 0.9669 | Val Acc: 0.9697
[2025-10-20 04:45:32] Epoch 20/60 | Train Loss: 0.1079 | Train Acc: 0.9684 | Val Acc: 0.9589
[2025-10-20 04:45:53] Epoch 21/60 | Train Loss: 0.1032 | Train Acc: 0.9701 | Val Acc: 0.9682
[2025-10-20 04:46:15] Epoch 22/60 | Train Loss: 0.1005 | Train Acc: 0.9719 | Val Acc: 0.9765
[2025-10-20 04:46:37] Epoch 23/60 | Train Loss: 0.0965 | Train Acc: 0.9726 | Val Acc: 0.9798
[2025-10-20 04:46:58] Epoch 24/60 | Train Loss: 0.0988 | Train Acc: 0.9707 | Val Acc: 0.9813
[2025-10-20 04:47:20] Epoch 25/60 | Train Loss: 0.0853 | Train Acc: 0.9755 | Val Acc: 0.9804
[2025-10-20 04:47:42] Epoch 26/60 | Train Loss: 0.0888 | Train Acc: 0.9745 | Val Acc: 0.9840
[2025-10-20 04:48:04] Epoch 27/60 | Train Loss: 0.0891 | Train Acc: 0.9754 | Val Acc: 0.9802
[2025-10-20 04:48:25] Epoch 28/60 | Train Loss: 0.0821 | Train Acc: 0.9765 | Val Acc: 0.9796
[2025-10-20 04:48:47] Epoch 29/60 | Train Loss: 0.0804 | Train Acc: 0.9763 | Val Acc: 0.9833
[2025-10-20 04:49:09] Epoch 30/60 | Train Loss: 0.0734 | Train Acc: 0.9798 | Val Acc: 0.9824
[2025-10-20 04:49:30] Epoch 31/60 | Train Loss: 0.0667 | Train Acc: 0.9811 | Val Acc: 0.9855
[2025-10-20 04:49:52] Epoch 32/60 | Train Loss: 0.0726 | Train Acc: 0.9796 | Val Acc: 0.9829
[2025-10-20 04:50:14] Epoch 33/60 | Train Loss: 0.0645 | Train Acc: 0.9824 | Val Acc: 0.9824
[2025-10-20 04:50:35] Epoch 34/60 | Train Loss: 0.0582 | Train Acc: 0.9838 | Val Acc: 0.9827
[2025-10-20 04:50:57] Epoch 35/60 | Train Loss: 0.0609 | Train Acc: 0.9832 | Val Acc: 0.9848
[2025-10-20 04:51:19] Epoch 36/60 | Train Loss: 0.0542 | Train Acc: 0.9840 | Val Acc: 0.9848
[2025-10-20 04:51:40] Epoch 37/60 | Train Loss: 0.0517 | Train Acc: 0.9851 | Val Acc: 0.9829
[2025-10-20 04:52:02] Epoch 38/60 | Train Loss: 0.0527 | Train Acc: 0.9855 | Val Acc: 0.9835
[2025-10-20 04:52:24] Epoch 39/60 | Train Loss: 0.0510 | Train Acc: 0.9866 | Val Acc: 0.9844
[2025-10-20 04:52:46] Epoch 40/60 | Train Loss: 0.0483 | Train Acc: 0.9857 | Val Acc: 0.9835
[2025-10-20 04:53:07] Epoch 41/60 | Train Loss: 0.0459 | Train Acc: 0.9879 | Val Acc: 0.9857
[2025-10-20 04:53:29] Epoch 42/60 | Train Loss: 0.0444 | Train Acc: 0.9877 | Val Acc: 0.9853
[2025-10-20 04:53:51] Epoch 43/60 | Train Loss: 0.0401 | Train Acc: 0.9899 | Val Acc: 0.9851
[2025-10-20 04:54:13] Epoch 44/60 | Train Loss: 0.0423 | Train Acc: 0.9878 | Val Acc: 0.9864
[2025-10-20 04:54:34] Epoch 45/60 | Train Loss: 0.0364 | Train Acc: 0.9901 | Val Acc: 0.9866
[2025-10-20 04:54:56] Epoch 46/60 | Train Loss: 0.0374 | Train Acc: 0.9903 | Val Acc: 0.9864
[2025-10-20 04:55:18] Epoch 47/60 | Train Loss: 0.0315 | Train Acc: 0.9909 | Val Acc: 0.9851
[2025-10-20 04:55:40] Epoch 48/60 | Train Loss: 0.0326 | Train Acc: 0.9913 | Val Acc: 0.9868
[2025-10-20 04:56:01] Epoch 49/60 | Train Loss: 0.0307 | Train Acc: 0.9924 | Val Acc: 0.9855
[2025-10-20 04:56:23] Epoch 50/60 | Train Loss: 0.0288 | Train Acc: 0.9928 | Val Acc: 0.9864
[2025-10-20 04:56:45] Epoch 51/60 | Train Loss: 0.0283 | Train Acc: 0.9923 | Val Acc: 0.9862
[2025-10-20 04:57:06] Epoch 52/60 | Train Loss: 0.0300 | Train Acc: 0.9920 | Val Acc: 0.9860
[2025-10-20 04:57:28] Epoch 53/60 | Train Loss: 0.0282 | Train Acc: 0.9928 | Val Acc: 0.9864
[2025-10-20 04:57:50] Epoch 54/60 | Train Loss: 0.0286 | Train Acc: 0.9926 | Val Acc: 0.9853
[2025-10-20 04:58:12] Epoch 55/60 | Train Loss: 0.0287 | Train Acc: 0.9935 | Val Acc: 0.9859
[2025-10-20 04:58:34] Epoch 56/60 | Train Loss: 0.0234 | Train Acc: 0.9940 | Val Acc: 0.9862
[2025-10-20 04:58:55] Epoch 57/60 | Train Loss: 0.0244 | Train Acc: 0.9937 | Val Acc: 0.9862
[2025-10-20 04:59:17] Epoch 58/60 | Train Loss: 0.0273 | Train Acc: 0.9933 | Val Acc: 0.9859
[2025-10-20 04:59:39] Epoch 59/60 | Train Loss: 0.0262 | Train Acc: 0.9939 | Val Acc: 0.9857
[2025-10-20 05:00:00] Epoch 60/60 | Train Loss: 0.0280 | Train Acc: 0.9930 | Val Acc: 0.9851
